<?xml version="1.0" encoding="UTF-8"?>
<testng-results skipped="0" failed="0" total="1" passed="1">
  <reporter-output>
  </reporter-output>
  <suite name="Running Smoke suite in Chrome" duration-ms="11171" started-at="2020-08-15T21:48:05Z" finished-at="2020-08-15T21:48:16Z">
    <groups>
    </groups>
    <test name="Test" duration-ms="11171" started-at="2020-08-15T21:48:05Z" finished-at="2020-08-15T21:48:16Z">
      <class name="test_signIn.LoginWithValidCredentialUsingEmail">
        <test-method status="PASS" signature="startTestSuite()[pri:0, instance:test_signIn.LoginWithValidCredentialUsingEmail@31206beb]" name="startTestSuite" is-config="true" duration-ms="31" started-at="2020-08-15T17:48:05Z" finished-at="2020-08-15T17:48:05Z">
          <reporter-output>
          </reporter-output>
        </test-method> <!-- startTestSuite -->
        <test-method status="PASS" signature="beforeEachTestMethod()[pri:0, instance:test_signIn.LoginWithValidCredentialUsingEmail@31206beb]" name="beforeEachTestMethod" is-config="true" duration-ms="7726" started-at="2020-08-15T17:48:05Z" finished-at="2020-08-15T17:48:12Z">
          <reporter-output>
          </reporter-output>
        </test-method> <!-- beforeEachTestMethod -->
        <test-method status="PASS" signature="loginWithValidCredentialUsingEmailTest()[pri:0, instance:test_signIn.LoginWithValidCredentialUsingEmail@31206beb]" name="loginWithValidCredentialUsingEmailTest" duration-ms="3347" started-at="2020-08-15T17:48:12Z" finished-at="2020-08-15T17:48:16Z">
          <reporter-output>
          </reporter-output>
        </test-method> <!-- loginWithValidCredentialUsingEmailTest -->
        <test-method status="PASS" signature="afterEachTestMethod()[pri:0, instance:test_signIn.LoginWithValidCredentialUsingEmail@31206beb]" name="afterEachTestMethod" is-config="true" duration-ms="82" started-at="2020-08-15T17:48:16Z" finished-at="2020-08-15T17:48:16Z">
          <reporter-output>
          </reporter-output>
        </test-method> <!-- afterEachTestMethod -->
        <test-method status="PASS" signature="tearDown()[pri:0, instance:test_signIn.LoginWithValidCredentialUsingEmail@31206beb]" name="tearDown" is-config="true" duration-ms="579" started-at="2020-08-15T17:48:16Z" finished-at="2020-08-15T17:48:16Z">
          <reporter-output>
          </reporter-output>
        </test-method> <!-- tearDown -->
      </class> <!-- test_signIn.LoginWithValidCredentialUsingEmail -->
    </test> <!-- Test -->
  </suite> <!-- Running Smoke suite in Chrome -->
</testng-results>
